<?xml version="1.0" encoding="UTF-8"?>
<robot generator="Robot 4.1 (Python 3.9.6 on darwin)" generated="20211210 01:31:37.048" rpa="false" schemaversion="2">
<suite id="s1" name="SearchProfile" source="/Users/marlonjunior/Documents/projects/RobotFramework/tests/SearchProfile.robot">
<test id="s1-t1" name="Search Marlon's Linkedin Profile">
<kw name="Open desktop session" library="Hooks" type="SETUP">
<arg>Safari</arg>
<kw name="Open Browser" library="SeleniumLibrary">
<arg>about:blank</arg>
<arg>${Browser}</arg>
<doc>Opens a new browser instance to the optional ``url``.</doc>
<msg timestamp="20211210 01:31:37.249" level="INFO">Opening browser 'Safari' to base url 'about:blank'.</msg>
<status status="PASS" starttime="20211210 01:31:37.249" endtime="20211210 01:31:38.499"/>
</kw>
<kw name="Maximize Browser Window" library="SeleniumLibrary">
<doc>Maximizes current browser window.</doc>
<status status="PASS" starttime="20211210 01:31:38.500" endtime="20211210 01:31:38.529"/>
</kw>
<kw name="Capture Page Screenshot" library="SeleniumLibrary">
<doc>Takes a screenshot of the current page and embeds it into a log file.</doc>
<msg timestamp="20211210 01:31:38.596" level="INFO" html="true">&lt;/td&gt;&lt;/tr&gt;&lt;tr&gt;&lt;td colspan="3"&gt;&lt;a href="selenium-screenshot-13.png"&gt;&lt;img src="selenium-screenshot-13.png" width="800px"&gt;&lt;/a&gt;</msg>
<status status="PASS" starttime="20211210 01:31:38.529" endtime="20211210 01:31:38.597"/>
</kw>
<status status="PASS" starttime="20211210 01:31:37.248" endtime="20211210 01:31:38.597"/>
</kw>
<kw name="Given that I acessed linkedin Page" library="LoadSystems">
<kw name="Go To" library="SeleniumLibrary">
<arg>https://www.linkedin.com/</arg>
<doc>Navigates the current browser window to the provided ``url``.</doc>
<msg timestamp="20211210 01:31:38.598" level="INFO">Opening url 'https://www.linkedin.com/'</msg>
<status status="PASS" starttime="20211210 01:31:38.598" endtime="20211210 01:31:39.422"/>
</kw>
<status status="PASS" starttime="20211210 01:31:38.597" endtime="20211210 01:31:39.424"/>
</kw>
<kw name="And Search Profile" library="HomePageLinkedin">
<kw name="Implicit wait for click" library="BasePage">
<arg>${BTN_SEARCH_PEOPLE}</arg>
<kw name="Wait Until Element Is Enabled" library="SeleniumLibrary">
<arg>${locator}</arg>
<doc>Waits until the element ``locator`` is enabled.</doc>
<status status="PASS" starttime="20211210 01:31:39.426" endtime="20211210 01:31:39.473"/>
</kw>
<kw name="Capture Page Screenshot" library="SeleniumLibrary">
<doc>Takes a screenshot of the current page and embeds it into a log file.</doc>
<msg timestamp="20211210 01:31:39.558" level="INFO" html="true">&lt;/td&gt;&lt;/tr&gt;&lt;tr&gt;&lt;td colspan="3"&gt;&lt;a href="selenium-screenshot-14.png"&gt;&lt;img src="selenium-screenshot-14.png" width="800px"&gt;&lt;/a&gt;</msg>
<status status="PASS" starttime="20211210 01:31:39.474" endtime="20211210 01:31:39.558"/>
</kw>
<kw name="Click Element" library="SeleniumLibrary">
<arg>${locator}</arg>
<doc>Click the element identified by ``locator``.</doc>
<msg timestamp="20211210 01:31:39.559" level="INFO">Clicking element 'xpath://a[contains(text(),'Encontre pessoas conhecidas')]'.</msg>
<status status="PASS" starttime="20211210 01:31:39.558" endtime="20211210 01:31:39.580"/>
</kw>
<status status="PASS" starttime="20211210 01:31:39.425" endtime="20211210 01:31:39.581"/>
</kw>
<status status="PASS" starttime="20211210 01:31:39.425" endtime="20211210 01:31:39.581"/>
</kw>
<kw name="When Look for Profile" library="SearchPageLinkedin">
<arg>Marlon</arg>
<arg>Junior</arg>
<kw name="Implicit wait for input" library="BasePage">
<arg>${INPUT_NAME}</arg>
<arg>${name}</arg>
<kw name="Wait Until Element Is Enabled" library="SeleniumLibrary">
<arg>${locator}</arg>
<doc>Waits until the element ``locator`` is enabled.</doc>
<kw name="Capture Page Screenshot" library="SeleniumLibrary">
<doc>Takes a screenshot of the current page and embeds it into a log file.</doc>
<msg timestamp="20211210 01:31:44.724" level="INFO" html="true">&lt;/td&gt;&lt;/tr&gt;&lt;tr&gt;&lt;td colspan="3"&gt;&lt;a href="selenium-screenshot-15.png"&gt;&lt;img src="selenium-screenshot-15.png" width="800px"&gt;&lt;/a&gt;</msg>
<status status="PASS" starttime="20211210 01:31:44.617" endtime="20211210 01:31:44.724"/>
</kw>
<msg timestamp="20211210 01:31:44.730" level="FAIL">Element with locator 'xpath://input[@aria-label="Nome"]' not found.</msg>
<status status="FAIL" starttime="20211210 01:31:39.582" endtime="20211210 01:31:44.730"/>
</kw>
<kw name="Scroll Element Into View" library="SeleniumLibrary">
<arg>${locator}</arg>
<doc>Scrolls the element identified by ``locator`` into view.</doc>
<status status="NOT RUN" starttime="20211210 01:31:44.731" endtime="20211210 01:31:44.731"/>
</kw>
<kw name="Input Text" library="SeleniumLibrary">
<arg>${locator}</arg>
<arg>${text}</arg>
<doc>Types the given ``text`` into the text field identified by ``locator``.</doc>
<status status="NOT RUN" starttime="20211210 01:31:44.732" endtime="20211210 01:31:44.732"/>
</kw>
<kw name="Capture Page Screenshot" library="SeleniumLibrary">
<doc>Takes a screenshot of the current page and embeds it into a log file.</doc>
<status status="NOT RUN" starttime="20211210 01:31:44.732" endtime="20211210 01:31:44.732"/>
</kw>
<status status="FAIL" starttime="20211210 01:31:39.582" endtime="20211210 01:31:44.734"/>
</kw>
<kw name="Implicit wait for input" library="BasePage">
<arg>${INPUT_LAST_NAME}</arg>
<arg>${lastName}</arg>
<status status="NOT RUN" starttime="20211210 01:31:44.734" endtime="20211210 01:31:44.735"/>
</kw>
<kw name="Implicit wait for click" library="BasePage">
<arg>${BTN_SEARCH}</arg>
<status status="NOT RUN" starttime="20211210 01:31:44.735" endtime="20211210 01:31:44.735"/>
</kw>
<status status="FAIL" starttime="20211210 01:31:39.581" endtime="20211210 01:31:44.736"/>
</kw>
<kw name="And Select Profile" library="SearchPageLinkedin">
<arg>Desenvolvedor de Testes Automatizados Pleno na Accenture</arg>
<arg>Marlon Junior</arg>
<status status="NOT RUN" starttime="20211210 01:31:44.737" endtime="20211210 01:31:44.737"/>
</kw>
<kw name="Then Verify Profile" library="ResumePageLinkedin">
<status status="NOT RUN" starttime="20211210 01:31:44.738" endtime="20211210 01:31:44.738"/>
</kw>
<kw name="Close" library="Hooks" type="TEARDOWN">
<kw name="Close Browser" library="SeleniumLibrary">
<doc>Closes the current browser.</doc>
<status status="PASS" starttime="20211210 01:31:44.740" endtime="20211210 01:31:44.986"/>
</kw>
<status status="PASS" starttime="20211210 01:31:44.739" endtime="20211210 01:31:44.987"/>
</kw>
<status status="FAIL" starttime="20211210 01:31:37.247" endtime="20211210 01:31:44.988">Element with locator 'xpath://input[@aria-label="Nome"]' not found.</status>
</test>
<doc>Suite description</doc>
<status status="FAIL" starttime="20211210 01:31:37.050" endtime="20211210 01:31:44.990"/>
</suite>
<statistics>
<total>
<stat pass="0" fail="1" skip="0">All Tests</stat>
</total>
<tag>
</tag>
<suite>
<stat pass="0" fail="1" skip="0" id="s1" name="SearchProfile">SearchProfile</stat>
</suite>
</statistics>
<errors>
</errors>
</robot>
